This is pdfTeX, Version 3.141592653-2.6-1.40.25 (MiKTeX 24.1) (preloaded format=pdflatex 2025.1.10)  30 JAN 2025 14:58
entering extended mode
 restricted \write18 enabled.
 %&-line parsing enabled.
**./Report_GameDev.tex
(Report_GameDev.tex
LaTeX2e <2023-11-01> patch level 1
L3 programming layer <2024-01-04>
(C:\Users\aalia\AppData\Local\Programs\MiKTeX\tex/latex/base\report.cls
Document Class: report 2023/05/17 v1.4n Standard LaTeX document class
(C:\Users\aalia\AppData\Local\Programs\MiKTeX\tex/latex/base\size12.clo
File: size12.clo 2023/05/17 v1.4n Standard LaTeX file (size option)
)
\c@part=\count187
\c@chapter=\count188
\c@section=\count189
\c@subsection=\count190
\c@subsubsection=\count191
\c@paragraph=\count192
\c@subparagraph=\count193
\c@figure=\count194
\c@table=\count195
\abovecaptionskip=\skip48
\belowcaptionskip=\skip49
\bibindent=\dimen140
)
(C:\Users\aalia\AppData\Local\Programs\MiKTeX\tex/latex/amsmath\amsmath.sty
Package: amsmath 2023/05/13 v2.17o AMS math features
\@mathmargin=\skip50

For additional information on amsmath, use the `?' option.
(C:\Users\aalia\AppData\Local\Programs\MiKTeX\tex/latex/amsmath\amstext.sty
Package: amstext 2021/08/26 v2.01 AMS text

(C:\Users\aalia\AppData\Local\Programs\MiKTeX\tex/latex/amsmath\amsgen.sty
File: amsgen.sty 1999/11/30 v2.0 generic functions
\@emptytoks=\toks17
\ex@=\dimen141
))
(C:\Users\aalia\AppData\Local\Programs\MiKTeX\tex/latex/amsmath\amsbsy.sty
Package: amsbsy 1999/11/29 v1.2d Bold Symbols
\pmbraise@=\dimen142
)
(C:\Users\aalia\AppData\Local\Programs\MiKTeX\tex/latex/amsmath\amsopn.sty
Package: amsopn 2022/04/08 v2.04 operator names
)
\inf@bad=\count196
LaTeX Info: Redefining \frac on input line 234.
\uproot@=\count197
\leftroot@=\count198
LaTeX Info: Redefining \overline on input line 399.
LaTeX Info: Redefining \colon on input line 410.
\classnum@=\count199
\DOTSCASE@=\count266
LaTeX Info: Redefining \ldots on input line 496.
LaTeX Info: Redefining \dots on input line 499.
LaTeX Info: Redefining \cdots on input line 620.
\Mathstrutbox@=\box51
\strutbox@=\box52
LaTeX Info: Redefining \big on input line 722.
LaTeX Info: Redefining \Big on input line 723.
LaTeX Info: Redefining \bigg on input line 724.
LaTeX Info: Redefining \Bigg on input line 725.
\big@size=\dimen143
LaTeX Font Info:    Redeclaring font encoding OML on input line 743.
LaTeX Font Info:    Redeclaring font encoding OMS on input line 744.
\macc@depth=\count267
LaTeX Info: Redefining \bmod on input line 905.
LaTeX Info: Redefining \pmod on input line 910.
LaTeX Info: Redefining \smash on input line 940.
LaTeX Info: Redefining \relbar on input line 970.
LaTeX Info: Redefining \Relbar on input line 971.
\c@MaxMatrixCols=\count268
\dotsspace@=\muskip16
\c@parentequation=\count269
\dspbrk@lvl=\count270
\tag@help=\toks18
\row@=\count271
\column@=\count272
\maxfields@=\count273
\andhelp@=\toks19
\eqnshift@=\dimen144
\alignsep@=\dimen145
\tagshift@=\dimen146
\tagwidth@=\dimen147
\totwidth@=\dimen148
\lineht@=\dimen149
\@envbody=\toks20
\multlinegap=\skip51
\multlinetaggap=\skip52
\mathdisplay@stack=\toks21
LaTeX Info: Redefining \[ on input line 2953.
LaTeX Info: Redefining \] on input line 2954.
)
(C:\Users\aalia\AppData\Local\Programs\MiKTeX\tex/latex/graphics\epsfig.sty
Package: epsfig 2017/06/25 v1.7b (e)psfig emulation (SPQR)

(C:\Users\aalia\AppData\Local\Programs\MiKTeX\tex/latex/graphics\graphicx.sty
Package: graphicx 2021/09/16 v1.2d Enhanced LaTeX Graphics (DPC,SPQR)

(C:\Users\aalia\AppData\Local\Programs\MiKTeX\tex/latex/graphics\keyval.sty
Package: keyval 2022/05/29 v1.15 key=value parser (DPC)
\KV@toks@=\toks22
)
(C:\Users\aalia\AppData\Local\Programs\MiKTeX\tex/latex/graphics\graphics.sty
Package: graphics 2022/03/10 v1.4e Standard LaTeX Graphics (DPC,SPQR)

(C:\Users\aalia\AppData\Local\Programs\MiKTeX\tex/latex/graphics\trig.sty
Package: trig 2021/08/11 v1.11 sin cos tan (DPC)
)
(C:\Users\aalia\AppData\Local\Programs\MiKTeX\tex/latex/graphics-cfg\graphics.c
fg
File: graphics.cfg 2016/06/04 v1.11 sample graphics configuration
)
Package graphics Info: Driver file: pdftex.def on input line 107.

(C:\Users\aalia\AppData\Local\Programs\MiKTeX\tex/latex/graphics-def\pdftex.def
File: pdftex.def 2022/09/22 v1.2b Graphics/color driver for pdftex
))
\Gin@req@height=\dimen150
\Gin@req@width=\dimen151
)
\epsfxsize=\dimen152
\epsfysize=\dimen153
)
(C:\Users\aalia\AppData\Local\Programs\MiKTeX\tex/latex/graphics\rotating.sty
Package: rotating 2016/08/11 v2.16d rotated objects in LaTeX

(C:\Users\aalia\AppData\Local\Programs\MiKTeX\tex/latex/base\ifthen.sty
Package: ifthen 2022/04/13 v1.1d Standard LaTeX ifthen package (DPC)
)
\c@r@tfl@t=\count274
\rotFPtop=\skip53
\rotFPbot=\skip54
\rot@float@box=\box53
\rot@mess@toks=\toks23
)
(C:\Users\aalia\AppData\Local\Programs\MiKTeX\tex/latex/caption\subcaption.sty
Package: subcaption 2023/07/28 v1.6b Sub-captions (AR)

(C:\Users\aalia\AppData\Local\Programs\MiKTeX\tex/latex/caption\caption.sty
Package: caption 2023/08/05 v3.6o Customizing captions (AR)

(C:\Users\aalia\AppData\Local\Programs\MiKTeX\tex/latex/caption\caption3.sty
Package: caption3 2023/07/31 v2.4d caption3 kernel (AR)
\caption@tempdima=\dimen154
\captionmargin=\dimen155
\caption@leftmargin=\dimen156
\caption@rightmargin=\dimen157
\caption@width=\dimen158
\caption@indent=\dimen159
\caption@parindent=\dimen160
\caption@hangindent=\dimen161
Package caption Info: Standard document class detected.
)
\c@caption@flags=\count275
\c@continuedfloat=\count276
Package caption Info: rotating package is loaded.
)
Package caption Info: New subtype `subfigure' on input line 238.
\c@subfigure=\count277
Package caption Info: New subtype `subtable' on input line 238.
\c@subtable=\count278
) (C:\Users\aalia\AppData\Local\Programs\MiKTeX\tex/latex/pdfpages\pdfpages.sty
Package: pdfpages 2024/10/28 v0.6c Insert pages of external PDF documents (AM)

(C:\Users\aalia\AppData\Local\Programs\MiKTeX\tex/latex/tools\calc.sty
Package: calc 2023/07/08 v4.3 Infix arithmetic (KKT,FJ)
\calc@Acount=\count279
\calc@Bcount=\count280
\calc@Adimen=\dimen162
\calc@Bdimen=\dimen163
\calc@Askip=\skip55
\calc@Bskip=\skip56
LaTeX Info: Redefining \setlength on input line 80.
LaTeX Info: Redefining \addtolength on input line 81.
\calc@Ccount=\count281
\calc@Cskip=\skip57
)
(C:\Users\aalia\AppData\Local\Programs\MiKTeX\tex/latex/eso-pic\eso-pic.sty
Package: eso-pic 2023/05/03 v3.0c eso-pic (RN)
\ESO@tempdima=\dimen164
\ESO@tempdimb=\dimen165

(C:\Users\aalia\AppData\Local\Programs\MiKTeX\tex/latex/xcolor\xcolor.sty
Package: xcolor 2023/11/15 v3.01 LaTeX color extensions (UK)

(C:\Users\aalia\AppData\Local\Programs\MiKTeX\tex/latex/graphics-cfg\color.cfg
File: color.cfg 2016/01/02 v1.6 sample color configuration
)
Package xcolor Info: Driver file: pdftex.def on input line 274.
(C:\Users\aalia\AppData\Local\Programs\MiKTeX\tex/latex/graphics\mathcolor.ltx)
Package xcolor Info: Model `cmy' substituted by `cmy0' on input line 1350.
Package xcolor Info: Model `hsb' substituted by `rgb' on input line 1354.
Package xcolor Info: Model `RGB' extended on input line 1366.
Package xcolor Info: Model `HTML' substituted by `rgb' on input line 1368.
Package xcolor Info: Model `Hsb' substituted by `hsb' on input line 1369.
Package xcolor Info: Model `tHsb' substituted by `hsb' on input line 1370.
Package xcolor Info: Model `HSB' substituted by `hsb' on input line 1371.
Package xcolor Info: Model `Gray' substituted by `gray' on input line 1372.
Package xcolor Info: Model `wave' substituted by `hsb' on input line 1373.
))
\AM@pagewidth=\dimen166
\AM@pageheight=\dimen167
\AM@fboxrule=\dimen168

(C:\Users\aalia\AppData\Local\Programs\MiKTeX\tex/latex/pdfpages\pppdftex.def
File: pppdftex.def 2024/10/28 v0.6c Pdfpages driver for pdfTeX (AM)
)
\pdfpages@includegraphics@status=\count282
\AM@pagebox=\box54
\AM@global@opts=\toks24
\AM@pagecnt=\count283
\AM@toc@title=\toks25
\AM@lof@heading=\toks26
\c@AM@survey=\count284
\AM@templatesizebox=\box55
) (C:\Users\aalia\AppData\Local\Programs\MiKTeX\tex/latex/base\inputenc.sty
Package: inputenc 2021/02/14 v1.3d Input encoding file
\inpenc@prehook=\toks27
\inpenc@posthook=\toks28
)
(C:\Users\aalia\AppData\Local\Programs\MiKTeX\tex/latex/amsfonts\amssymb.sty
Package: amssymb 2013/01/14 v3.01 AMS font symbols

(C:\Users\aalia\AppData\Local\Programs\MiKTeX\tex/latex/amsfonts\amsfonts.sty
Package: amsfonts 2013/01/14 v3.01 Basic AMSFonts support
\symAMSa=\mathgroup4
\symAMSb=\mathgroup5
LaTeX Font Info:    Redeclaring math symbol \hbar on input line 98.
LaTeX Font Info:    Overwriting math alphabet `\mathfrak' in version `bold'
(Font)                  U/euf/m/n --> U/euf/b/n on input line 106.
)) (C:\Users\aalia\AppData\Local\Programs\MiKTeX\tex/latex/geometry\geometry.st
y
Package: geometry 2020/01/02 v5.9 Page Geometry

(C:\Users\aalia\AppData\Local\Programs\MiKTeX\tex/generic/iftex\ifvtex.sty
Package: ifvtex 2019/10/25 v1.7 ifvtex legacy package. Use iftex instead.

(C:\Users\aalia\AppData\Local\Programs\MiKTeX\tex/generic/iftex\iftex.sty
Package: iftex 2022/02/03 v1.0f TeX engine tests
))
\Gm@cnth=\count285
\Gm@cntv=\count286
\c@Gm@tempcnt=\count287
\Gm@bindingoffset=\dimen169
\Gm@wd@mp=\dimen170
\Gm@odd@mp=\dimen171
\Gm@even@mp=\dimen172
\Gm@layoutwidth=\dimen173
\Gm@layoutheight=\dimen174
\Gm@layouthoffset=\dimen175
\Gm@layoutvoffset=\dimen176
\Gm@dimlist=\toks29

(C:\Users\aalia\AppData\Local\Programs\MiKTeX\tex/latex/geometry\geometry.cfg))
(C:\Users\aalia\AppData\Local\Programs\MiKTeX\tex/latex/float\float.sty
Package: float 2001/11/08 v1.3d Float enhancements (AL)
\c@float@type=\count288
\float@exts=\toks30
\float@box=\box56
\@float@everytoks=\toks31
\@floatcapt=\box57
)
(C:\Users\aalia\AppData\Local\Programs\MiKTeX\tex/latex/titlesec\titlesec.sty
Package: titlesec 2025/01/04 v2.17 Sectioning titles
\ttl@box=\box58
\beforetitleunit=\skip58
\aftertitleunit=\skip59
\ttl@plus=\dimen177
\ttl@minus=\dimen178
\ttl@toksa=\toks32
\titlewidth=\dimen179
\titlewidthlast=\dimen180
\titlewidthfirst=\dimen181
)
(C:\Users\aalia\AppData\Local\Programs\MiKTeX\tex/latex/hyperref\hyperref.sty
Package: hyperref 2023-11-26 v7.01g Hypertext links for LaTeX

(C:\Users\aalia\AppData\Local\Programs\MiKTeX\tex/generic/infwarerr\infwarerr.s
ty
Package: infwarerr 2019/12/03 v1.5 Providing info/warning/error messages (HO)
)
(C:\Users\aalia\AppData\Local\Programs\MiKTeX\tex/latex/kvsetkeys\kvsetkeys.sty
Package: kvsetkeys 2022-10-05 v1.19 Key value parser (HO)
)
(C:\Users\aalia\AppData\Local\Programs\MiKTeX\tex/generic/kvdefinekeys\kvdefine
keys.sty
Package: kvdefinekeys 2019-12-19 v1.6 Define keys (HO)
)
(C:\Users\aalia\AppData\Local\Programs\MiKTeX\tex/generic/pdfescape\pdfescape.s
ty
Package: pdfescape 2019/12/09 v1.15 Implements pdfTeX's escape features (HO)

(C:\Users\aalia\AppData\Local\Programs\MiKTeX\tex/generic/ltxcmds\ltxcmds.sty
Package: ltxcmds 2023-12-04 v1.26 LaTeX kernel commands for general use (HO)
)
(C:\Users\aalia\AppData\Local\Programs\MiKTeX\tex/generic/pdftexcmds\pdftexcmds
.sty
Package: pdftexcmds 2020-06-27 v0.33 Utility functions of pdfTeX for LuaTeX (HO
)
Package pdftexcmds Info: \pdf@primitive is available.
Package pdftexcmds Info: \pdf@ifprimitive is available.
Package pdftexcmds Info: \pdfdraftmode found.
))
(C:\Users\aalia\AppData\Local\Programs\MiKTeX\tex/latex/hycolor\hycolor.sty
Package: hycolor 2020-01-27 v1.10 Color options for hyperref/bookmark (HO)
)
(C:\Users\aalia\AppData\Local\Programs\MiKTeX\tex/latex/letltxmacro\letltxmacro
.sty
Package: letltxmacro 2019/12/03 v1.6 Let assignment for LaTeX macros (HO)
)
(C:\Users\aalia\AppData\Local\Programs\MiKTeX\tex/latex/auxhook\auxhook.sty
Package: auxhook 2019-12-17 v1.6 Hooks for auxiliary files (HO)
)
(C:\Users\aalia\AppData\Local\Programs\MiKTeX\tex/latex/hyperref\nameref.sty
Package: nameref 2023-11-26 v2.56 Cross-referencing by name of section

(C:\Users\aalia\AppData\Local\Programs\MiKTeX\tex/latex/refcount\refcount.sty
Package: refcount 2019/12/15 v3.6 Data extraction from label references (HO)
)
(C:\Users\aalia\AppData\Local\Programs\MiKTeX\tex/generic/gettitlestring\gettit
lestring.sty
Package: gettitlestring 2019/12/15 v1.6 Cleanup title references (HO)

(C:\Users\aalia\AppData\Local\Programs\MiKTeX\tex/latex/kvoptions\kvoptions.sty
Package: kvoptions 2022-06-15 v3.15 Key value format for package options (HO)
))
\c@section@level=\count289
)
(C:\Users\aalia\AppData\Local\Programs\MiKTeX\tex/latex/etoolbox\etoolbox.sty
Package: etoolbox 2020/10/05 v2.5k e-TeX tools for LaTeX (JAW)
\etb@tempcnta=\count290
)
\@linkdim=\dimen182
\Hy@linkcounter=\count291
\Hy@pagecounter=\count292

(C:\Users\aalia\AppData\Local\Programs\MiKTeX\tex/latex/hyperref\pd1enc.def
File: pd1enc.def 2023-11-26 v7.01g Hyperref: PDFDocEncoding definition (HO)
Now handling font encoding PD1 ...
... no UTF-8 mapping file for font encoding PD1
)
(C:\Users\aalia\AppData\Local\Programs\MiKTeX\tex/generic/intcalc\intcalc.sty
Package: intcalc 2019/12/15 v1.3 Expandable calculations with integers (HO)
)
\Hy@SavedSpaceFactor=\count293

(C:\Users\aalia\AppData\Local\Programs\MiKTeX\tex/latex/hyperref\puenc.def
File: puenc.def 2023-11-26 v7.01g Hyperref: PDF Unicode definition (HO)
Now handling font encoding PU ...
... no UTF-8 mapping file for font encoding PU
)
Package hyperref Info: Hyper figures OFF on input line 4181.
Package hyperref Info: Link nesting OFF on input line 4186.
Package hyperref Info: Hyper index ON on input line 4189.
Package hyperref Info: Plain pages OFF on input line 4196.
Package hyperref Info: Backreferencing OFF on input line 4201.
Package hyperref Info: Implicit mode ON; LaTeX internals redefined.
Package hyperref Info: Bookmarks ON on input line 4448.
\c@Hy@tempcnt=\count294

(C:\Users\aalia\AppData\Local\Programs\MiKTeX\tex/latex/url\url.sty
\Urlmuskip=\muskip17
Package: url 2013/09/16  ver 3.4  Verb mode for urls, etc.
)
LaTeX Info: Redefining \url on input line 4786.
\XeTeXLinkMargin=\dimen183

(C:\Users\aalia\AppData\Local\Programs\MiKTeX\tex/generic/bitset\bitset.sty
Package: bitset 2019/12/09 v1.3 Handle bit-vector datatype (HO)

(C:\Users\aalia\AppData\Local\Programs\MiKTeX\tex/generic/bigintcalc\bigintcalc
.sty
Package: bigintcalc 2019/12/15 v1.5 Expandable calculations on big integers (HO
)
))
\Fld@menulength=\count295
\Field@Width=\dimen184
\Fld@charsize=\dimen185
Package hyperref Info: Hyper figures OFF on input line 6065.
Package hyperref Info: Link nesting OFF on input line 6070.
Package hyperref Info: Hyper index ON on input line 6073.
Package hyperref Info: backreferencing OFF on input line 6080.
Package hyperref Info: Link coloring OFF on input line 6085.
Package hyperref Info: Link coloring with OCG OFF on input line 6090.
Package hyperref Info: PDF/A mode OFF on input line 6095.

(C:\Users\aalia\AppData\Local\Programs\MiKTeX\tex/latex/base\atbegshi-ltx.sty
Package: atbegshi-ltx 2021/01/10 v1.0c Emulation of the original atbegshi
package with kernel methods
)
\Hy@abspage=\count296
\c@Item=\count297
\c@Hfootnote=\count298
)
Package hyperref Info: Driver (autodetected): hpdftex.
(C:\Users\aalia\AppData\Local\Programs\MiKTeX\tex/latex/hyperref\hpdftex.def
File: hpdftex.def 2023-11-26 v7.01g Hyperref driver for pdfTeX

(C:\Users\aalia\AppData\Local\Programs\MiKTeX\tex/latex/base\atveryend-ltx.sty
Package: atveryend-ltx 2020/08/19 v1.0a Emulation of the original atveryend pac
kage
with kernel methods
)
\Fld@listcount=\count299
\c@bookmark@seq@number=\count300

(C:\Users\aalia\AppData\Local\Programs\MiKTeX\tex/latex/rerunfilecheck\rerunfil
echeck.sty
Package: rerunfilecheck 2022-07-10 v1.10 Rerun checks for auxiliary files (HO)

(C:\Users\aalia\AppData\Local\Programs\MiKTeX\tex/generic/uniquecounter\uniquec
ounter.sty
Package: uniquecounter 2019/12/15 v1.4 Provide unlimited unique counter (HO)
)
Package uniquecounter Info: New unique counter `rerunfilecheck' on input line 2
85.
)
\Hy@SectionHShift=\skip60
)
Package hyperref Info: Option `colorlinks' set `true' on input line 23.

(C:\Users\aalia\AppData\Local\Programs\MiKTeX\tex/latex/l3backend\l3backend-pdf
tex.def
File: l3backend-pdftex.def 2024-01-04 L3 backend support: PDF output (pdfTeX)
\l__color_backend_stack_int=\count301
\l__pdf_internal_box=\box59
) (Report_GameDev.aux

LaTeX Warning: Label `fig:GameDataStore6' multiply defined.

)
\openout1 = `Report_GameDev.aux'.

LaTeX Font Info:    Checking defaults for OML/cmm/m/it on input line 45.
LaTeX Font Info:    ... okay on input line 45.
LaTeX Font Info:    Checking defaults for OMS/cmsy/m/n on input line 45.
LaTeX Font Info:    ... okay on input line 45.
LaTeX Font Info:    Checking defaults for OT1/cmr/m/n on input line 45.
LaTeX Font Info:    ... okay on input line 45.
LaTeX Font Info:    Checking defaults for T1/cmr/m/n on input line 45.
LaTeX Font Info:    ... okay on input line 45.
LaTeX Font Info:    Checking defaults for TS1/cmr/m/n on input line 45.
LaTeX Font Info:    ... okay on input line 45.
LaTeX Font Info:    Checking defaults for OMX/cmex/m/n on input line 45.
LaTeX Font Info:    ... okay on input line 45.
LaTeX Font Info:    Checking defaults for U/cmr/m/n on input line 45.
LaTeX Font Info:    ... okay on input line 45.
LaTeX Font Info:    Checking defaults for PD1/pdf/m/n on input line 45.
LaTeX Font Info:    ... okay on input line 45.
LaTeX Font Info:    Checking defaults for PU/pdf/m/n on input line 45.
LaTeX Font Info:    ... okay on input line 45.

(C:\Users\aalia\AppData\Local\Programs\MiKTeX\tex/context/base/mkii\supp-pdf.mk
ii
[Loading MPS to PDF converter (version 2006.09.02).]
\scratchcounter=\count302
\scratchdimen=\dimen186
\scratchbox=\box60
\nofMPsegments=\count303
\nofMParguments=\count304
\everyMPshowfont=\toks33
\MPscratchCnt=\count305
\MPscratchDim=\dimen187
\MPnumerator=\count306
\makeMPintoPDFobject=\count307
\everyMPtoPDFconversion=\toks34
)
(C:\Users\aalia\AppData\Local\Programs\MiKTeX\tex/latex/epstopdf-pkg\epstopdf-b
ase.sty
Package: epstopdf-base 2020-01-24 v2.11 Base part for package epstopdf
Package epstopdf-base Info: Redefining graphics rule for `.eps' on input line 4
85.

(C:\Users\aalia\AppData\Local\Programs\MiKTeX\tex/latex/00miktex\epstopdf-sys.c
fg
File: epstopdf-sys.cfg 2021/03/18 v2.0 Configuration of epstopdf for MiKTeX
))
Package caption Info: Begin \AtBeginDocument code.
Package caption Info: float package is loaded.
Package caption Info: hyperref package is loaded.
Package caption Info: End \AtBeginDocument code.

(C:\Users\aalia\AppData\Local\Programs\MiKTeX\tex/latex/pdflscape\pdflscape.sty
Package: pdflscape 2022-10-27 v0.13 Display of landscape pages in PDF

(C:\Users\aalia\AppData\Local\Programs\MiKTeX\tex/latex/pdflscape\pdflscape-nom
etadata.sty
Package: pdflscape-nometadata 2022-10-28 v0.13 Display of landscape pages in PD
F (HO)

(C:\Users\aalia\AppData\Local\Programs\MiKTeX\tex/latex/graphics\lscape.sty
Package: lscape 2020/05/28 v3.02 Landscape Pages (DPC)
)
Package pdflscape Info: Auto-detected driver: pdftex on input line 81.
))
*geometry* driver: auto-detecting
*geometry* detected driver: pdftex
*geometry* verbose mode - [ preamble ] result:
* driver: pdftex
* paper: a4paper
* layout: <same size as paper>
* layoutoffset:(h,v)=(0.0pt,0.0pt)
* modes: 
* h-part:(L,W,R)=(108.405pt, 416.83289pt, 72.26999pt)
* v-part:(T,H,B)=(72.26999pt, 700.50687pt, 72.26999pt)
* \paperwidth=597.50787pt
* \paperheight=845.04684pt
* \textwidth=416.83289pt
* \textheight=700.50687pt
* \oddsidemargin=36.13501pt
* \evensidemargin=36.13501pt
* \topmargin=-37.0pt
* \headheight=12.0pt
* \headsep=25.0pt
* \topskip=12.0pt
* \footskip=30.0pt
* \marginparwidth=35.0pt
* \marginparsep=10.0pt
* \columnsep=10.0pt
* \skip\footins=10.8pt plus 4.0pt minus 2.0pt
* \hoffset=0.0pt
* \voffset=0.0pt
* \mag=1000
* \@twocolumnfalse
* \@twosidefalse
* \@mparswitchfalse
* \@reversemarginfalse
* (1in=72.27pt=25.4mm, 1cm=28.453pt)

Package hyperref Info: Link coloring ON on input line 45.
(Report_GameDev.out) (Report_GameDev.out)
\@outlinefile=\write3
\openout3 = `Report_GameDev.out'.



pdfTeX warning: pdflatex.exe (file ./CoverPage.pdf): PDF inclusion: found PDF v
ersion <1.7>, but at most version <1.5> allowed
<CoverPage.pdf, id=139, 614.295pt x 794.97pt>
File: CoverPage.pdf Graphic file (type pdf)
<use CoverPage.pdf>
Package pdftex.def Info: CoverPage.pdf  used on input line 47.
(pdftex.def)             Requested size: 614.29349pt x 794.96806pt.


pdfTeX warning: pdflatex.exe (file ./CoverPage.pdf): PDF inclusion: found PDF v
ersion <1.7>, but at most version <1.5> allowed
File: CoverPage.pdf Graphic file (type pdf)
<use CoverPage.pdf>
Package pdftex.def Info: CoverPage.pdf  used on input line 47.
(pdftex.def)             Requested size: 614.29349pt x 794.96806pt.


pdfTeX warning: pdflatex.exe (file ./CoverPage.pdf): PDF inclusion: found PDF v
ersion <1.7>, but at most version <1.5> allowed


pdfTeX warning: pdflatex.exe (file ./CoverPage.pdf): PDF inclusion: found PDF v
ersion <1.7>, but at most version <1.5> allowed
<CoverPage.pdf, id=142, page=1, 614.295pt x 794.97pt>
File: CoverPage.pdf Graphic file (type pdf)
<use CoverPage.pdf, page 1>
Package pdftex.def Info: CoverPage.pdf , page1 used on input line 47.
(pdftex.def)             Requested size: 614.29349pt x 794.96806pt.
File: CoverPage.pdf Graphic file (type pdf)
<use CoverPage.pdf, page 1>
Package pdftex.def Info: CoverPage.pdf , page1 used on input line 47.
(pdftex.def)             Requested size: 597.78697pt x 773.60669pt.
File: CoverPage.pdf Graphic file (type pdf)
<use CoverPage.pdf, page 1>
Package pdftex.def Info: CoverPage.pdf , page1 used on input line 47.
(pdftex.def)             Requested size: 597.78697pt x 773.60669pt.
File: CoverPage.pdf Graphic file (type pdf)
<use CoverPage.pdf, page 1>
Package pdftex.def Info: CoverPage.pdf , page1 used on input line 47.
(pdftex.def)             Requested size: 597.78697pt x 773.60669pt.
File: CoverPage.pdf Graphic file (type pdf)
<use CoverPage.pdf, page 1>
Package pdftex.def Info: CoverPage.pdf , page1 used on input line 47.
(pdftex.def)             Requested size: 597.78697pt x 773.60669pt.
[1


 <./CoverPage.pdf>] (Report_GameDev.toc
LaTeX Font Info:    Trying to load font information for U+msa on input line 2.

(C:\Users\aalia\AppData\Local\Programs\MiKTeX\tex/latex/amsfonts\umsa.fd
File: umsa.fd 2013/01/14 v3.01 AMS symbols A
)
LaTeX Font Info:    Trying to load font information for U+msb on input line 2.

(C:\Users\aalia\AppData\Local\Programs\MiKTeX\tex/latex/amsfonts\umsb.fd
File: umsb.fd 2013/01/14 v3.01 AMS symbols B
))
\tf@toc=\write4
\openout4 = `Report_GameDev.toc'.


[2

{C:/Users/aalia/AppData/Local/MiKTeX/fonts/map/pdftex/pdftex.map}]
pdfTeX warning (ext4): destination with the same identifier (name{page.1}) has 
been already used, duplicate ignored
<to be read again> 
                   \relax 
l.56 \end{abstract}
                    [1]
Chapter 1.

pdfTeX warning (ext4): destination with the same identifier (name{page.1}) has 
been already used, duplicate ignored
<to be read again> 
                   \relax 
l.69 
      [1

]
<images/UnityTDTemplate.png, id=207, 380.92313pt x 282.05376pt>
File: images/UnityTDTemplate.png Graphic file (type png)
<use images/UnityTDTemplate.png>
Package pdftex.def Info: images/UnityTDTemplate.png  used on input line 92.
(pdftex.def)             Requested size: 190.46109pt x 141.02652pt.

pdfTeX warning (ext4): destination with the same identifier (name{page.2}) has 
been already used, duplicate ignored
<to be read again> 
                   \relax 
l.98 \chapter
             {Methodology} [2 <./images/UnityTDTemplate.png>]
Chapter 2.
<images/GDLabProjFlowChart.png, id=215, 583.17876pt x 613.29124pt>
File: images/GDLabProjFlowChart.png Graphic file (type png)
<use images/GDLabProjFlowChart.png>
Package pdftex.def Info: images/GDLabProjFlowChart.png  used on input line 105.

(pdftex.def)             Requested size: 320.74931pt x 337.31122pt.
[3

 <./images/GDLabProjFlowChart.png>] [4] [5]
Chapter 3.
<images/TowerLibrary.png, id=233, 576.1525pt x 468.75125pt>
File: images/TowerLibrary.png Graphic file (type png)
<use images/TowerLibrary.png>
Package pdftex.def Info: images/TowerLibrary.png  used on input line 166.
(pdftex.def)             Requested size: 460.9226pt x 375.0015pt.

Overfull \hbox (44.08972pt too wide) in paragraph at lines 166--167
 [][] 
 []

<images/TowerLevelData1.png, id=235, 577.15625pt x 471.26062pt>
File: images/TowerLevelData1.png Graphic file (type png)
<use images/TowerLevelData1.png>
Package pdftex.def Info: images/TowerLevelData1.png  used on input line 176.
(pdftex.def)             Requested size: 432.86612pt x 353.4446pt.

Overfull \hbox (16.03323pt too wide) in paragraph at lines 176--177
 [][] 
 []

[6

 <./images/TowerLibrary.png>]
<images/TowerLevelData2.png, id=242, 394.97563pt x 388.45125pt>
File: images/TowerLevelData2.png Graphic file (type png)
<use images/TowerLevelData2.png>
Package pdftex.def Info: images/TowerLevelData2.png  used on input line 183.
(pdftex.def)             Requested size: 296.23099pt x 291.3377pt.


LaTeX Warning: `!h' float specifier changed to `!ht'.

<images/GameManager1.png, id=245, 516.93124pt x 431.11063pt>
File: images/GameManager1.png Graphic file (type png)
<use images/GameManager1.png>
Package pdftex.def Info: images/GameManager1.png  used on input line 195.
(pdftex.def)             Requested size: 387.69748pt x 323.33217pt.

LaTeX Warning: `!h' float specifier changed to `!ht'.

<images/GameManager2.png, id=246, 572.63937pt x 251.94125pt>
File: images/GameManager2.png Graphic file (type png)
<use images/GameManager2.png>
Package pdftex.def Info: images/GameManager2.png  used on input line 202.
(pdftex.def)             Requested size: 429.47847pt x 188.95546pt.

Overfull \hbox (12.64558pt too wide) in paragraph at lines 202--203
 [][] 
 []


LaTeX Warning: `!h' float specifier changed to `!ht'.

<images/GameManager3.png, id=247, 431.11063pt x 358.84062pt>
File: images/GameManager3.png Graphic file (type png)
<use images/GameManager3.png>
Package pdftex.def Info: images/GameManager3.png  used on input line 209.
(pdftex.def)             Requested size: 323.33217pt x 269.12979pt.

LaTeX Warning: `!h' float specifier changed to `!ht'.

<images/GameManager4.png, id=248, 566.61688pt x 388.95313pt>
File: images/GameManager4.png Graphic file (type png)
<use images/GameManager4.png>
Package pdftex.def Info: images/GameManager4.png  used on input line 216.
(pdftex.def)             Requested size: 424.96161pt x 291.71411pt.

Overfull \hbox (8.12872pt too wide) in paragraph at lines 216--217
 [][] 
 []


LaTeX Warning: `!h' float specifier changed to `!ht'.

<images/GameManager5.png, id=249, 554.57187pt x 376.90813pt>
File: images/GameManager5.png Graphic file (type png)
<use images/GameManager5.png>
Package pdftex.def Info: images/GameManager5.png  used on input line 223.
(pdftex.def)             Requested size: 415.92787pt x 282.68039pt.

LaTeX Warning: `!h' float specifier changed to `!ht'.

<images/GameDataStore1.png, id=250, 572.63937pt x 465.23813pt>
File: images/GameDataStore1.png Graphic file (type png)
<use images/GameDataStore1.png>
Package pdftex.def Info: images/GameDataStore1.png  used on input line 231.
(pdftex.def)             Requested size: 429.47847pt x 348.92773pt.

Overfull \hbox (12.64558pt too wide) in paragraph at lines 231--232
 [][] 
 []


LaTeX Warning: `!h' float specifier changed to `!ht'.

<images/GameDataStore2.png, id=251, 555.57562pt x 465.74pt>
File: images/GameDataStore2.png Graphic file (type png)
<use images/GameDataStore2.png>
Package pdftex.def Info: images/GameDataStore2.png  used on input line 238.
(pdftex.def)             Requested size: 416.68068pt x 349.30414pt.

LaTeX Warning: `!h' float specifier changed to `!ht'.

<images/GameDataStore3.png, id=252, 511.9125pt x 408.52625pt>
File: images/GameDataStore3.png Graphic file (type png)
<use images/GameDataStore3.png>
Package pdftex.def Info: images/GameDataStore3.png  used on input line 245.
(pdftex.def)             Requested size: 383.93344pt x 306.39394pt.

LaTeX Warning: `!h' float specifier changed to `!ht'.

<images/GameDataStore4.png, id=253, 533.49312pt x 453.695pt>
File: images/GameDataStore4.png Graphic file (type png)
<use images/GameDataStore4.png>
Package pdftex.def Info: images/GameDataStore4.png  used on input line 252.
(pdftex.def)             Requested size: 400.11887pt x 340.27042pt.

LaTeX Warning: `!h' float specifier changed to `!ht'.

<images/GameDataStore5.png, id=254, 449.17813pt x 381.425pt>
File: images/GameDataStore5.png Graphic file (type png)
<use images/GameDataStore5.png>
Package pdftex.def Info: images/GameDataStore5.png  used on input line 259.
(pdftex.def)             Requested size: 336.88277pt x 286.06804pt.

LaTeX Warning: `!h' float specifier changed to `!ht'.

<images/GameDataStore6.png, id=255, 493.845pt x 410.03188pt>
File: images/GameDataStore6.png Graphic file (type png)
<use images/GameDataStore6.png>
Package pdftex.def Info: images/GameDataStore6.png  used on input line 266.
(pdftex.def)             Requested size: 370.38283pt x 307.52315pt.

LaTeX Warning: `!h' float specifier changed to `!ht'.

<images/LevelSaveData.png, id=256, 436.63126pt x 337.76187pt>
File: images/LevelSaveData.png Graphic file (type png)
<use images/LevelSaveData.png>
Package pdftex.def Info: images/LevelSaveData.png  used on input line 275.
(pdftex.def)             Requested size: 327.47264pt x 253.32079pt.

LaTeX Warning: `!h' float specifier changed to `!ht'.

<images/TowerSaveData.png, id=257, 307.64937pt x 315.1775pt>
File: images/TowerSaveData.png Graphic file (type png)
<use images/TowerSaveData.png>
Package pdftex.def Info: images/TowerSaveData.png  used on input line 284.
(pdftex.def)             Requested size: 230.73645pt x 236.38254pt.

LaTeX Warning: `!h' float specifier changed to `!ht'.

File: images/GameDataStore6.png Graphic file (type png)
<use images/GameDataStore6.png>
Package pdftex.def Info: images/GameDataStore6.png  used on input line 291.
(pdftex.def)             Requested size: 370.38283pt x 307.52315pt.

LaTeX Warning: `!h' float specifier changed to `!ht'.

<images/CardDragHandler.png, id=258, 575.14874pt x 461.22313pt>
File: images/CardDragHandler.png Graphic file (type png)
<use images/CardDragHandler.png>
Package pdftex.def Info: images/CardDragHandler.png  used on input line 299.
(pdftex.def)             Requested size: 431.3605pt x 345.91649pt.

Overfull \hbox (14.52762pt too wide) in paragraph at lines 299--300
 [][] 
 []


LaTeX Warning: `!h' float specifier changed to `!ht'.

<images/DropZone.png, id=259, 557.58313pt x 376.40625pt>
File: images/DropZone.png Graphic file (type png)
<use images/DropZone.png>
Package pdftex.def Info: images/DropZone.png  used on input line 307.
(pdftex.def)             Requested size: 418.18633pt x 282.30399pt.

Overfull \hbox (1.35344pt too wide) in paragraph at lines 307--308
 [][] 
 []


LaTeX Warning: `!h' float specifier changed to `!ht'.

<images/TowerSelector1.png, id=260, 562.1pt x 428.09938pt>
File: images/TowerSelector1.png Graphic file (type png)
<use images/TowerSelector1.png>
Package pdftex.def Info: images/TowerSelector1.png  used on input line 315.
(pdftex.def)             Requested size: 421.57397pt x 321.07375pt.

Overfull \hbox (4.74109pt too wide) in paragraph at lines 315--316
 [][] 
 []

[7 <./images/TowerLevelData1.png>]

LaTeX Warning: Text page 8 contains only floats.

[8 <./images/TowerLevelData2.png> <./images/GameManager1.png>] [9 <./images/Gam
eManager2.png> <./images/GameManager3.png>]

LaTeX Warning: `!h' float specifier changed to `!ht'.

<images/TowerSelector2.png, id=283, 548.0475pt x 410.03188pt>
File: images/TowerSelector2.png Graphic file (type png)
<use images/TowerSelector2.png>
Package pdftex.def Info: images/TowerSelector2.png  used on input line 322.
(pdftex.def)             Requested size: 411.0346pt x 307.52315pt.

LaTeX Warning: `!h' float specifier changed to `!ht'.

<images/TowerSelector3.png, id=284, 559.08875pt x 393.47pt>
File: images/TowerSelector3.png Graphic file (type png)
<use images/TowerSelector3.png>
Package pdftex.def Info: images/TowerSelector3.png  used on input line 329.
(pdftex.def)             Requested size: 419.31552pt x 295.10176pt.

Overfull \hbox (2.48264pt too wide) in paragraph at lines 329--330
 [][] 
 []


LaTeX Warning: `!h' float specifier changed to `!ht'.

<images/TowerSelector4.png, id=285, 588.69937pt x 405.515pt>
File: images/TowerSelector4.png Graphic file (type png)
<use images/TowerSelector4.png>
Package pdftex.def Info: images/TowerSelector4.png  used on input line 336.
(pdftex.def)             Requested size: 441.52344pt x 304.13548pt.

Overfull \hbox (24.69055pt too wide) in paragraph at lines 336--337
 [][] 
 []


LaTeX Warning: `!h' float specifier changed to `!ht'.


Overfull \vbox (178.07103pt too high) has occurred while \output is active []


[10 <./images/GameManager4.png> <./images/GameManager5.png>] [11 <./images/Game
DataStore1.png>] [12 <./images/GameDataStore2.png>] [13 <./images/GameDataStore
3.png>] [14 <./images/GameDataStore4.png> <./images/GameDataStore5.png>]
[15 <./images/GameDataStore6.png> <./images/LevelSaveData.png>] [16 <./images/T
owerSaveData.png>] [17 <./images/CardDragHandler.png> <./images/DropZone.png>]
[18 <./images/TowerSelector1.png> <./images/TowerSelector2.png>] [19 <./images/
TowerSelector3.png> <./images/TowerSelector4.png>]
Chapter 4.
<images/SplashScreen.png, id=361, 681.54625pt x 332.74312pt>
File: images/SplashScreen.png Graphic file (type png)
<use images/SplashScreen.png>
Package pdftex.def Info: images/SplashScreen.png  used on input line 347.
(pdftex.def)             Requested size: 340.7723pt x 166.37114pt.
<images/MainMenuScreen.png, id=362, 681.54625pt x 332.74312pt>
File: images/MainMenuScreen.png Graphic file (type png)
<use images/MainMenuScreen.png>
Package pdftex.def Info: images/MainMenuScreen.png  used on input line 354.
(pdftex.def)             Requested size: 340.7723pt x 166.37114pt.
<images/LevelSelectScreen.png, id=363, 681.54625pt x 332.74312pt>
File: images/LevelSelectScreen.png Graphic file (type png)
<use images/LevelSelectScreen.png>
Package pdftex.def Info: images/LevelSelectScreen.png  used on input line 361.
(pdftex.def)             Requested size: 340.7723pt x 166.37114pt.

LaTeX Warning: `!h' float specifier changed to `!ht'.

<images/SelectTowerScreen.png, id=364, 701.62125pt x 342.27875pt>
File: images/SelectTowerScreen.png Graphic file (type png)
<use images/SelectTowerScreen.png>
Package pdftex.def Info: images/SelectTowerScreen.png  used on input line 368.
(pdftex.def)             Requested size: 350.80975pt x 171.13895pt.

LaTeX Warning: `!h' float specifier changed to `!ht'.

<images/SettingScreen.png, id=365, 681.54625pt x 332.74312pt>
File: images/SettingScreen.png Graphic file (type png)
<use images/SettingScreen.png>
Package pdftex.def Info: images/SettingScreen.png  used on input line 375.
(pdftex.def)             Requested size: 340.7723pt x 166.37114pt.

LaTeX Warning: `!h' float specifier changed to `!ht'.

<images/TowerShopScreen.png, id=366, 681.54625pt x 332.74312pt>
File: images/TowerShopScreen.png Graphic file (type png)
<use images/TowerShopScreen.png>
Package pdftex.def Info: images/TowerShopScreen.png  used on input line 382.
(pdftex.def)             Requested size: 340.7723pt x 166.37114pt.

LaTeX Warning: `!h' float specifier changed to `!ht'.

<images/Gameplay1.png, id=367, 701.62125pt x 342.27875pt>
File: images/Gameplay1.png Graphic file (type png)
<use images/Gameplay1.png>
Package pdftex.def Info: images/Gameplay1.png  used on input line 391.
(pdftex.def)             Requested size: 350.80975pt x 171.13895pt.

LaTeX Warning: `!h' float specifier changed to `!ht'.

<images/Gameplay2.png, id=368, 701.62125pt x 342.27875pt>
File: images/Gameplay2.png Graphic file (type png)
<use images/Gameplay2.png>
Package pdftex.def Info: images/Gameplay2.png  used on input line 398.
(pdftex.def)             Requested size: 350.80975pt x 171.13895pt.

LaTeX Warning: `!h' float specifier changed to `!ht'.

[20

 <./images/SplashScreen.png> <./images/MainMenuScreen.png>] [21 <./images/Level
SelectScreen.png> <./images/SelectTowerScreen.png> <./images/SettingScreen.png>
] [22 <./images/TowerShopScreen.png> <./images/Gameplay1.png> <./images/Gamepla
y2.png>]
Chapter 5.
[23

]
Chapter 6.
[24

] (Report_GameDev.aux)
 ***********
LaTeX2e <2023-11-01> patch level 1
L3 programming layer <2024-01-04>
 ***********


LaTeX Warning: There were multiply-defined labels.

Package rerunfilecheck Info: File `Report_GameDev.out' has not changed.
(rerunfilecheck)             Checksum: 859C1E0239AD518725B2C348C1090EDC;4545.
 ) 
Here is how much of TeX's memory you used:
 13723 strings out of 474485
 222000 string characters out of 5743734
 1938542 words of memory out of 5000000
 35738 multiletter control sequences out of 15000+600000
 564569 words of font info for 60 fonts, out of 8000000 for 9000
 1141 hyphenation exceptions out of 8191
 75i,17n,79p,1417b,569s stack positions out of 10000i,1000n,20000p,200000b,200000s
 <C:\Users\aalia\AppData\Local\MiKTeX\fonts/pk/ljfour/jknappen/ec/dpi600\tcrm
1200.pk><C:/Users/aalia/AppData/Local/Programs/MiKTeX/fonts/type1/public/amsfon
ts/cm/cmbx12.pfb><C:/Users/aalia/AppData/Local/Programs/MiKTeX/fonts/type1/publ
ic/amsfonts/cm/cmr12.pfb>
Output written on Report_GameDev.pdf (27 pages, 6424724 bytes).
PDF statistics:
 442 PDF objects out of 1000 (max. 8388607)
 93 named destinations out of 1000 (max. 500000)
 453 words of extra memory for PDF output out of 10000 (max. 10000000)

